2025-03-08 14:19:47.3704 Info Loading assembly name: NLog.Web.AspNetCore
2025-03-08 14:19:47.3845 Warn Error has been raised. Exception: NLog.NLogConfigurationException: Error loading extensions: NLog.Web.AspNetCore
 ---> System.IO.FileNotFoundException: Could not load file or assembly 'NLog.Web.AspNetCore, Culture=neutral, PublicKeyToken=null'. 系统找不到指定的文件。
File name: 'NLog.Web.AspNetCore, Culture=neutral, PublicKeyToken=null'
   at System.Reflection.RuntimeAssembly.InternalLoad(AssemblyName assemblyName, StackCrawlMark& stackMark, AssemblyLoadContext assemblyLoadContext, RuntimeAssembly requestingAssembly, Boolean throwOnFileNotFound)
   at System.Reflection.Assembly.Load(String assemblyString)
   at NLog.Config.AssemblyExtensionLoader.LoadAssemblyFromName(String assemblyName)
   at NLog.Config.AssemblyExtensionLoader.LoadAssemblyFromName(ConfigurationItemFactory factory, String assemblyName, String itemNamePrefix)
   at NLog.Config.LoggingConfigurationParser.ParseExtensionWithAssemblyName(String assemblyName, String prefix)
   --- End of inner exception stack trace ---
2025-03-08 14:19:47.4390 Warn Error has been raised. Exception: NLog.NLogConfigurationException: Failed to create LayoutRenderer with unknown type-alias: 'aspnet-request-iP' - Extension NLog.Web.AspNetCore not included?
   at NLog.Config.FactoryExtensions.CreateInstance[TBaseType](IFactory`1 factory, String typeAlias)
   at NLog.Layouts.LayoutParser.GetLayoutRenderer(String typeName, ConfigurationItemFactory configurationItemFactory, Nullable`1 throwConfigExceptions)
2025-03-08 14:19:47.4390 Warn Error has been raised. Exception: NLog.NLogConfigurationException: ${aspnet-request-iP} cannot assign unknown property 'CheckForwardedForHeader='
2025-03-08 14:19:47.4390 Warn Error has been raised. Exception: NLog.NLogConfigurationException: Failed to create LayoutRenderer with unknown type-alias: 'aspnet-request-url' - Extension NLog.Web.AspNetCore not included?
   at NLog.Config.FactoryExtensions.CreateInstance[TBaseType](IFactory`1 factory, String typeAlias)
   at NLog.Layouts.LayoutParser.GetLayoutRenderer(String typeName, ConfigurationItemFactory configurationItemFactory, Nullable`1 throwConfigExceptions)
2025-03-08 14:19:47.4686 Info Registered target NLog.Targets.Wrappers.AsyncTargetWrapper(Name=allfile)
2025-03-08 14:19:47.4686 Warn Error has been raised. Exception: NLog.NLogConfigurationException: Failed to create LayoutRenderer with unknown type-alias: 'aspnet-request-iP' - Extension NLog.Web.AspNetCore not included?
   at NLog.Config.FactoryExtensions.CreateInstance[TBaseType](IFactory`1 factory, String typeAlias)
   at NLog.Layouts.LayoutParser.GetLayoutRenderer(String typeName, ConfigurationItemFactory configurationItemFactory, Nullable`1 throwConfigExceptions)
2025-03-08 14:19:47.4686 Warn Error has been raised. Exception: NLog.NLogConfigurationException: Failed to create LayoutRenderer with unknown type-alias: 'aspnet-request-headers' - Extension NLog.Web.AspNetCore not included?
   at NLog.Config.FactoryExtensions.CreateInstance[TBaseType](IFactory`1 factory, String typeAlias)
   at NLog.Layouts.LayoutParser.GetLayoutRenderer(String typeName, ConfigurationItemFactory configurationItemFactory, Nullable`1 throwConfigExceptions)
2025-03-08 14:19:47.4686 Warn Error has been raised. Exception: NLog.NLogConfigurationException: ${aspnet-request-headers} cannot assign unknown property 'HeaderNames='
2025-03-08 14:19:47.4828 Warn Error has been raised. Exception: NLog.NLogConfigurationException: Failed to create LayoutRenderer with unknown type-alias: 'aspnet-request-url' - Extension NLog.Web.AspNetCore not included?
   at NLog.Config.FactoryExtensions.CreateInstance[TBaseType](IFactory`1 factory, String typeAlias)
   at NLog.Layouts.LayoutParser.GetLayoutRenderer(String typeName, ConfigurationItemFactory configurationItemFactory, Nullable`1 throwConfigExceptions)
2025-03-08 14:19:47.4828 Info Registered target NLog.Targets.Wrappers.AsyncTargetWrapper(Name=sqlfile)
2025-03-08 14:19:47.4983 Warn Error has been raised. Exception: NLog.NLogConfigurationException: Failed to create LayoutRenderer with unknown type-alias: 'aspnet-request-iP' - Extension NLog.Web.AspNetCore not included?
   at NLog.Config.FactoryExtensions.CreateInstance[TBaseType](IFactory`1 factory, String typeAlias)
   at NLog.Layouts.LayoutParser.GetLayoutRenderer(String typeName, ConfigurationItemFactory configurationItemFactory, Nullable`1 throwConfigExceptions)
2025-03-08 14:19:47.4983 Warn Error has been raised. Exception: NLog.NLogConfigurationException: Failed to create LayoutRenderer with unknown type-alias: 'aspnet-request-url' - Extension NLog.Web.AspNetCore not included?
   at NLog.Config.FactoryExtensions.CreateInstance[TBaseType](IFactory`1 factory, String typeAlias)
   at NLog.Layouts.LayoutParser.GetLayoutRenderer(String typeName, ConfigurationItemFactory configurationItemFactory, Nullable`1 throwConfigExceptions)
2025-03-08 14:19:47.4983 Info Registered target NLog.Targets.Wrappers.AsyncTargetWrapper(Name=console)
2025-03-08 14:19:47.4983 Warn Error has been raised. Exception: NLog.NLogConfigurationException: Failed to create LayoutRenderer with unknown type-alias: 'aspnet-request-url' - Extension NLog.Web.AspNetCore not included?
   at NLog.Config.FactoryExtensions.CreateInstance[TBaseType](IFactory`1 factory, String typeAlias)
   at NLog.Layouts.LayoutParser.GetLayoutRenderer(String typeName, ConfigurationItemFactory configurationItemFactory, Nullable`1 throwConfigExceptions)
2025-03-08 14:19:47.4983 Info Registered target NLog.Targets.Wrappers.AsyncTargetWrapper(Name=consoleSql)
2025-03-08 14:19:47.4983 Info Registered target NLog.Targets.Wrappers.AsyncTargetWrapper(Name=blackhole)
2025-03-08 14:19:47.5207 Info Closing old configuration.
2025-03-08 14:19:47.5528 Info Validating config: TargetNames=allfile, console, blackhole, ConfigItems=72, FilePath=D:\Cshap_Project\WebApplication2\bin\Debug\net8.0\nlog.config
2025-03-08 14:19:47.5614 Warn Unused target detected. Add a rule for this target to the configuration. TargetName: sqlfile
2025-03-08 14:19:47.5614 Warn Unused target detected. Add a rule for this target to the configuration. TargetName: consoleSql
2025-03-08 14:19:47.5788 Info Configuration initialized.
2025-03-08 14:20:15.8675 Info AppDomain Shutting down. LogFactory closing...
2025-03-08 14:20:15.8777 Info LogFactory has been closed.
2025-03-11 19:27:45.5444 Info Loading assembly name: NLog.Web.AspNetCore
2025-03-11 19:27:45.5444 Warn Error has been raised. Exception: NLog.NLogConfigurationException: Error loading extensions: NLog.Web.AspNetCore
 ---> System.IO.FileNotFoundException: Could not load file or assembly 'NLog.Web.AspNetCore, Culture=neutral, PublicKeyToken=null'. 系统找不到指定的文件。
File name: 'NLog.Web.AspNetCore, Culture=neutral, PublicKeyToken=null'
   at System.Reflection.RuntimeAssembly.InternalLoad(AssemblyName assemblyName, StackCrawlMark& stackMark, AssemblyLoadContext assemblyLoadContext, RuntimeAssembly requestingAssembly, Boolean throwOnFileNotFound)
   at System.Reflection.Assembly.Load(String assemblyString)
   at NLog.Config.AssemblyExtensionLoader.LoadAssemblyFromName(String assemblyName)
   at NLog.Config.AssemblyExtensionLoader.LoadAssemblyFromName(ConfigurationItemFactory factory, String assemblyName, String itemNamePrefix)
   at NLog.Config.LoggingConfigurationParser.ParseExtensionWithAssemblyName(String assemblyName, String prefix)
   --- End of inner exception stack trace ---
2025-03-11 19:27:45.5779 Warn Error has been raised. Exception: NLog.NLogConfigurationException: Failed to create LayoutRenderer with unknown type-alias: 'aspnet-request-iP' - Extension NLog.Web.AspNetCore not included?
   at NLog.Config.FactoryExtensions.CreateInstance[TBaseType](IFactory`1 factory, String typeAlias)
   at NLog.Layouts.LayoutParser.GetLayoutRenderer(String typeName, ConfigurationItemFactory configurationItemFactory, Nullable`1 throwConfigExceptions)
2025-03-11 19:27:45.5779 Warn Error has been raised. Exception: NLog.NLogConfigurationException: ${aspnet-request-iP} cannot assign unknown property 'CheckForwardedForHeader='
2025-03-11 19:27:45.5779 Warn Error has been raised. Exception: NLog.NLogConfigurationException: Failed to create LayoutRenderer with unknown type-alias: 'aspnet-request-url' - Extension NLog.Web.AspNetCore not included?
   at NLog.Config.FactoryExtensions.CreateInstance[TBaseType](IFactory`1 factory, String typeAlias)
   at NLog.Layouts.LayoutParser.GetLayoutRenderer(String typeName, ConfigurationItemFactory configurationItemFactory, Nullable`1 throwConfigExceptions)
2025-03-11 19:27:45.5904 Info Registered target NLog.Targets.Wrappers.AsyncTargetWrapper(Name=allfile)
2025-03-11 19:27:45.5904 Warn Error has been raised. Exception: NLog.NLogConfigurationException: Failed to create LayoutRenderer with unknown type-alias: 'aspnet-request-iP' - Extension NLog.Web.AspNetCore not included?
   at NLog.Config.FactoryExtensions.CreateInstance[TBaseType](IFactory`1 factory, String typeAlias)
   at NLog.Layouts.LayoutParser.GetLayoutRenderer(String typeName, ConfigurationItemFactory configurationItemFactory, Nullable`1 throwConfigExceptions)
2025-03-11 19:27:45.5904 Warn Error has been raised. Exception: NLog.NLogConfigurationException: Failed to create LayoutRenderer with unknown type-alias: 'aspnet-request-headers' - Extension NLog.Web.AspNetCore not included?
   at NLog.Config.FactoryExtensions.CreateInstance[TBaseType](IFactory`1 factory, String typeAlias)
   at NLog.Layouts.LayoutParser.GetLayoutRenderer(String typeName, ConfigurationItemFactory configurationItemFactory, Nullable`1 throwConfigExceptions)
2025-03-11 19:27:45.5904 Warn Error has been raised. Exception: NLog.NLogConfigurationException: ${aspnet-request-headers} cannot assign unknown property 'HeaderNames='
2025-03-11 19:27:45.5904 Warn Error has been raised. Exception: NLog.NLogConfigurationException: Failed to create LayoutRenderer with unknown type-alias: 'aspnet-request-url' - Extension NLog.Web.AspNetCore not included?
   at NLog.Config.FactoryExtensions.CreateInstance[TBaseType](IFactory`1 factory, String typeAlias)
   at NLog.Layouts.LayoutParser.GetLayoutRenderer(String typeName, ConfigurationItemFactory configurationItemFactory, Nullable`1 throwConfigExceptions)
2025-03-11 19:27:45.5904 Info Registered target NLog.Targets.Wrappers.AsyncTargetWrapper(Name=sqlfile)
2025-03-11 19:27:45.5904 Warn Error has been raised. Exception: NLog.NLogConfigurationException: Failed to create LayoutRenderer with unknown type-alias: 'aspnet-request-iP' - Extension NLog.Web.AspNetCore not included?
   at NLog.Config.FactoryExtensions.CreateInstance[TBaseType](IFactory`1 factory, String typeAlias)
   at NLog.Layouts.LayoutParser.GetLayoutRenderer(String typeName, ConfigurationItemFactory configurationItemFactory, Nullable`1 throwConfigExceptions)
2025-03-11 19:27:45.5904 Warn Error has been raised. Exception: NLog.NLogConfigurationException: Failed to create LayoutRenderer with unknown type-alias: 'aspnet-request-url' - Extension NLog.Web.AspNetCore not included?
   at NLog.Config.FactoryExtensions.CreateInstance[TBaseType](IFactory`1 factory, String typeAlias)
   at NLog.Layouts.LayoutParser.GetLayoutRenderer(String typeName, ConfigurationItemFactory configurationItemFactory, Nullable`1 throwConfigExceptions)
2025-03-11 19:27:45.5904 Info Registered target NLog.Targets.Wrappers.AsyncTargetWrapper(Name=console)
2025-03-11 19:27:45.5904 Warn Error has been raised. Exception: NLog.NLogConfigurationException: Failed to create LayoutRenderer with unknown type-alias: 'aspnet-request-url' - Extension NLog.Web.AspNetCore not included?
   at NLog.Config.FactoryExtensions.CreateInstance[TBaseType](IFactory`1 factory, String typeAlias)
   at NLog.Layouts.LayoutParser.GetLayoutRenderer(String typeName, ConfigurationItemFactory configurationItemFactory, Nullable`1 throwConfigExceptions)
2025-03-11 19:27:45.5904 Info Registered target NLog.Targets.Wrappers.AsyncTargetWrapper(Name=consoleSql)
2025-03-11 19:27:45.6076 Info Registered target NLog.Targets.Wrappers.AsyncTargetWrapper(Name=blackhole)
2025-03-11 19:27:45.6076 Info Closing old configuration.
2025-03-11 19:27:45.6233 Info Validating config: TargetNames=allfile, console, blackhole, ConfigItems=72, FilePath=D:\Cshap_Project\WebApplication2\bin\Debug\net8.0\nlog.config
2025-03-11 19:27:45.6233 Warn Unused target detected. Add a rule for this target to the configuration. TargetName: sqlfile
2025-03-11 19:27:45.6233 Warn Unused target detected. Add a rule for this target to the configuration. TargetName: consoleSql
2025-03-11 19:27:45.6233 Info Configuration initialized.
2025-03-11 19:27:45.6482 Info FileTarget(Name=allfile_wrapped): Archiving D:\Cshap_Project\WebApplication2\bin\Debug\net8.0\adminlogs\all.txt to D:\Cshap_Project\WebApplication2\bin\Debug\net8.0\adminlogs\all.20250308.000.txt
2025-03-11 19:28:38.6196 Info AppDomain Shutting down. LogFactory closing...
2025-03-11 19:28:38.6255 Info LogFactory has been closed.
